Wed Nov 25 14:31:27 CET 2020


=============== CUB3D DESTROYER - DAMAGE REPORT ===============



=====================[DESTROYED STUFF # 1]=====================

../cub3D valid_maps/valid_tex_050.cub "-save"

PARSER OUTPUT:
Error:
 El segundo parametro es incorrecto


=====================[DESTROYED STUFF # 2]=====================

../cub3D valid_maps/valid_tex_050.cub "save"

PARSER OUTPUT:
Error:
 El segundo parametro es incorrecto


=====================[DESTROYED STUFF # 3]=====================

../cub3D valid_maps/valid_tex_050.cub "--savea"

PARSER OUTPUT:
Error:
 El segundo parametro es incorrecto


=====================[DESTROYED STUFF # 4]=====================

../cub3D valid_maps/valid_tex_050.cub "--SAVE"

PARSER OUTPUT:
Error:
 El segundo parametro es incorrecto


=====================[DESTROYED STUFF # 5]=====================

../cub3D valid_maps/valid_tex_050.cub "---save"

PARSER OUTPUT:
Error:
 El segundo parametro es incorrecto


=====================[DESTROYED STUFF # 6]=====================

../cub3D valid_maps/valid_tex_050.cub "savea"

PARSER OUTPUT:
Error:
 El segundo parametro es incorrecto


=====================[DESTROYED STUFF # 7]=====================

../cub3D valid_maps/valid_tex_050.cub "-sav"

PARSER OUTPUT:
Error:
 El segundo parametro es incorrecto


=====================[DESTROYED STUFF # 8]=====================

../cub3D valid_maps/valid_tex_050.cub "--save s"

PARSER OUTPUT:
Error:
 El segundo parametro es incorrecto


=====================[DESTROYED STUFF # 9]=====================

../cub3D valid_maps/valid_tex_050.cub "-- save"

PARSER OUTPUT:
Error:
 El segundo parametro es incorrecto


=====================[DESTROYED STUFF #10]=====================

../cub3D valid_maps/valid_tex_050.cub "--save --save"

PARSER OUTPUT:
Error:
 El segundo parametro es incorrecto


=====================[DESTROYED STUFF #11]=====================

../cub3D valid_maps/valid_tex_050.cub "       "

PARSER OUTPUT:
Error:
 El segundo parametro es incorrecto


=====================[DESTROYED STUFF #12]=====================

../cub3D valid_maps/valid_tex_050.cub "--safe"

PARSER OUTPUT:
Error:
 El segundo parametro es incorrecto


=====================[DESTROYED STUFF #13]=====================

../cub3D valid_maps/valid_tex_050.cub "--shave"

PARSER OUTPUT:
Error:
 El segundo parametro es incorrecto


=====================[DESTROYED STUFF #14]=====================

../cub3D valid_maps/valid_tex_050.cub "--rafe"

PARSER OUTPUT:
Error:
 El segundo parametro es incorrecto


=====================[DESTROYED STUFF #15]=====================

../cub3D valid_maps/valid_tex_050.cub "--1234"

PARSER OUTPUT:
Error:
 El segundo parametro es incorrecto


=====================[DESTROYED STUFF #16]=====================

../cub3D valid_maps/valid_tex_050.cub "-+save"

PARSER OUTPUT:
Error:
 El segundo parametro es incorrecto


=====================[DESTROYED STUFF #17]=====================

../cub3D valid_maps/valid_tex_050.cub "+-save"

PARSER OUTPUT:
Error:
 El segundo parametro es incorrecto


=====================[DESTROYED STUFF #18]=====================

../cub3D valid_maps/valid_tex_050.cub "--sove"

PARSER OUTPUT:
Error:
 El segundo parametro es incorrecto


=====================[DESTROYED STUFF #19]=====================

../cub3D valid_maps/valid_tex_050.cub "--sav3"

PARSER OUTPUT:
Error:
 El segundo parametro es incorrecto
